Arguments: 
  /usr/local/Cellar/node/11.9.0/bin/node /usr/local/Cellar/yarn/1.13.0/libexec/bin/yarn.js build

PATH: 
  /Users/max/.cargo/bin:/Library/Frameworks/Python.framework/Versions/3.7/bin:/usr/local/bin:/usr/bin:/bin:/usr/sbin:/sbin:/usr/local/go/bin:/Users/max/.cargo/bin:/Library/Frameworks/Python.framework/Versions/3.7/bin:/Applications/Visual Studio Code.app/Contents/Resources/app/bin:/Users/max/go/bin:/Applications/Visual Studio Code.app/Contents/Resources/app/bin:/Users/max/go/bin

Yarn version: 
  1.13.0

Node version: 
  11.9.0

Platform: 
  darwin x64

Trace: 
  SyntaxError: /Users/max/workspace/catched/package.json: Unexpected token } in JSON at position 630
      at JSON.parse (<anonymous>)
      at /usr/local/Cellar/yarn/1.13.0/libexec/lib/cli.js:1625:59
      at Generator.next (<anonymous>)
      at step (/usr/local/Cellar/yarn/1.13.0/libexec/lib/cli.js:304:30)
      at /usr/local/Cellar/yarn/1.13.0/libexec/lib/cli.js:315:13

npm manifest: 
  {
  	"name": "catched",
  	"version": "1.0.0",
  	"description": "Smart async/await error handling.",
  	"main": "dist/index.js",
  	"scripts": {
  		"build": "ncc build index.js -o dist -m"
  	},
  	"repository": {
  		"type": "git",
  		"url": "git+https://github.com/schulke-214/catched.git"
  	},
  	"keywords": [
  		"async-await",
  		"async",
  		"await",
  		"error-handling",
  		"es7",
  		"node"
  	],
  	"author": "schulke-214 <hello@maximilianschulke.com>",
  	"license": "MIT",
  	"bugs": {
  		"url": "https://github.com/schulke-214/catched/issues"
  	},
  	"homepage": "https://github.com/schulke-214/catched#readme",
  	"dependencies": {
  		"@zeit/ncc": "^0.20.4",
  	}
  }

yarn manifest: 
  No manifest

Lockfile: 
  # THIS IS AN AUTOGENERATED FILE. DO NOT EDIT THIS FILE DIRECTLY.
  # yarn lockfile v1
  
  
  "@zeit/ncc@^0.20.4":
    version "0.20.4"
    resolved "https://registry.yarnpkg.com/@zeit/ncc/-/ncc-0.20.4.tgz#00f0a25a88cac3712af4ba66561d9e281c6f05c9"
    integrity sha512-fmq+F/QxPec+k/zvT7HiVpk7oiGFseS6brfT/AYqmCUp6QFRK7vZf2Ref46MImsg/g2W3g5X6SRvGRmOAvEfdA==
  
  ansi-styles@^3.2.1:
    version "3.2.1"
    resolved "https://registry.yarnpkg.com/ansi-styles/-/ansi-styles-3.2.1.tgz#41fbb20243e50b12be0f04b8dedbf07520ce841d"
    integrity sha512-VT0ZI6kZRdTh8YyJw3SMbYm/u+NqfsAxEpWO0Pf9sq8/e94WxxOpPKx9FR1FlyCtOVDNOQ+8ntlqFxiRc+r5qA==
    dependencies:
      color-convert "^1.9.0"
  
  chalk@^2.4.2:
    version "2.4.2"
    resolved "https://registry.yarnpkg.com/chalk/-/chalk-2.4.2.tgz#cd42541677a54333cf541a49108c1432b44c9424"
    integrity sha512-Mti+f9lpJNcwF4tWV8/OrTTtF1gZi+f8FqlyAdouralcFWFQWF2+NgCHShjkCb+IFBLq9buZwE1xckQU4peSuQ==
    dependencies:
      ansi-styles "^3.2.1"
      escape-string-regexp "^1.0.5"
      supports-color "^5.3.0"
  
  color-convert@^1.9.0:
    version "1.9.3"
    resolved "https://registry.yarnpkg.com/color-convert/-/color-convert-1.9.3.tgz#bb71850690e1f136567de629d2d5471deda4c1e8"
    integrity sha512-QfAUtd+vFdAtFQcC8CCyYt1fYWxSqAiK2cSD6zDB8N3cpsEBAvRxp9zOGg6G/SHHJYAT88/az/IuDGALsNVbGg==
    dependencies:
      color-name "1.1.3"
  
  color-name@1.1.3:
    version "1.1.3"
    resolved "https://registry.yarnpkg.com/color-name/-/color-name-1.1.3.tgz#a7d0558bd89c42f795dd42328f740831ca53bc25"
    integrity sha1-p9BVi9icQveV3UIyj3QIMcpTvCU=
  
  escape-string-regexp@^1.0.5:
    version "1.0.5"
    resolved "https://registry.yarnpkg.com/escape-string-regexp/-/escape-string-regexp-1.0.5.tgz#1b61c0562190a8dff6ae3bb2cf0200ca130b86d4"
    integrity sha1-G2HAViGQqN/2rjuyzwIAyhMLhtQ=
  
  has-flag@^3.0.0:
    version "3.0.0"
    resolved "https://registry.yarnpkg.com/has-flag/-/has-flag-3.0.0.tgz#b5d454dc2199ae225699f3467e5a07f3b955bafd"
    integrity sha1-tdRU3CGZriJWmfNGfloH87lVuv0=
  
  supports-color@^5.3.0:
    version "5.5.0"
    resolved "https://registry.yarnpkg.com/supports-color/-/supports-color-5.5.0.tgz#e2e69a44ac8772f78a1ec0b35b689df6530efc8f"
    integrity sha512-QjVjwdXIt408MIiAqCX4oUKsgU2EqAGzs2Ppkm4aQYbjm+ZEWEcW4SfFNTr4uMNZma0ey4f5lgLrkB0aX0QMow==
    dependencies:
      has-flag "^3.0.0"
